<?xml version="1.0" encoding="UTF-8"?>
<testng-results skipped="0" failed="0" ignored="0" total="1" passed="1">
  <reporter-output>
  </reporter-output>
  <suite name="Surefire suite" duration-ms="79588" started-at="2021-12-19T23:31:45 IST" finished-at="2021-12-19T23:33:05 IST">
    <groups>
    </groups>
    <test name="Surefire test" duration-ms="79588" started-at="2021-12-19T23:31:45 IST" finished-at="2021-12-19T23:33:05 IST">
      <class name="TestScripts.SwymAutomation.AppTest">
        <test-method status="PASS" signature="shouldAnswerWithTrue()" name="shouldAnswerWithTrue" duration-ms="5" started-at="2021-12-19T23:33:05 IST" finished-at="2021-12-19T23:33:05 IST">
          <reporter-output>
          </reporter-output>
        </test-method> <!-- shouldAnswerWithTrue -->
      </class> <!-- TestScripts.SwymAutomation.AppTest -->
    </test> <!-- Surefire test -->
  </suite> <!-- Surefire suite -->
</testng-results>
