<?xml version="1.0" encoding="UTF-8"?>
<!-- Generated by org.testng.reporters.JUnitXMLReporter -->
<testsuite ignored="0" hostname="LAPTOP-Q97UB95Q" failures="0" tests="5" name="Default test" time="32.762" errors="0" timestamp="2021-12-19T19:07:15 IST">
  <testcase classname="TestScripts.SwymAutomation.TestScripts.TestCases" name="tc_tc1a_clickSignInButton" time="6.279"/>
  <testcase classname="TestScripts.SwymAutomation.TestScripts.TestCases" name="tc_tc1b_signinPage" time="6.823"/>
  <testcase classname="TestScripts.SwymAutomation.TestScripts.TestCases" name="tc_tc1c_homePage" time="11.607"/>
  <testcase classname="TestScripts.SwymAutomation.TestScripts.TestCases" name="tc_tc1d_profilePage" time="2.783"/>
  <testcase classname="TestScripts.SwymAutomation.TestScripts.TestCases" name="tc_tc1e_logout" time="0.272"/>
</testsuite> <!-- Default test -->
