<?xml version="1.0" encoding="UTF-8"?>
<testng-results ignored="0" total="5" passed="5" failed="0" skipped="0">
  <reporter-output>
  </reporter-output>
  <suite started-at="2021-12-19T19:06:42 IST" name="Default suite" finished-at="2021-12-19T19:07:15 IST" duration-ms="32762">
    <groups>
    </groups>
    <test started-at="2021-12-19T19:06:42 IST" name="Default test" finished-at="2021-12-19T19:07:15 IST" duration-ms="32762">
      <class name="TestScripts.SwymAutomation.TestScripts.TestCases">
        <test-method is-config="true" signature="setup()[pri:0, instance:TestScripts.SwymAutomation.TestScripts.TestCases@2805d709]" started-at="2021-12-19T19:06:42 IST" name="setup" finished-at="2021-12-19T19:06:47 IST" duration-ms="4892" status="PASS">
          <reporter-output>
          </reporter-output>
        </test-method> <!-- setup -->
        <test-method signature="tc_tc1a_clickSignInButton()[pri:0, instance:TestScripts.SwymAutomation.TestScripts.TestCases@2805d709]" started-at="2021-12-19T19:06:47 IST" name="tc_tc1a_clickSignInButton" finished-at="2021-12-19T19:06:54 IST" duration-ms="6279" status="PASS">
          <reporter-output>
          </reporter-output>
        </test-method> <!-- tc_tc1a_clickSignInButton -->
        <test-method signature="tc_tc1b_signinPage()[pri:0, instance:TestScripts.SwymAutomation.TestScripts.TestCases@2805d709]" started-at="2021-12-19T19:06:54 IST" name="tc_tc1b_signinPage" finished-at="2021-12-19T19:07:01 IST" duration-ms="6823" status="PASS">
          <reporter-output>
          </reporter-output>
        </test-method> <!-- tc_tc1b_signinPage -->
        <test-method signature="tc_tc1c_homePage()[pri:0, instance:TestScripts.SwymAutomation.TestScripts.TestCases@2805d709]" started-at="2021-12-19T19:07:01 IST" name="tc_tc1c_homePage" finished-at="2021-12-19T19:07:12 IST" duration-ms="11607" status="PASS">
          <reporter-output>
          </reporter-output>
        </test-method> <!-- tc_tc1c_homePage -->
        <test-method signature="tc_tc1d_profilePage()[pri:0, instance:TestScripts.SwymAutomation.TestScripts.TestCases@2805d709]" started-at="2021-12-19T19:07:12 IST" name="tc_tc1d_profilePage" finished-at="2021-12-19T19:07:15 IST" duration-ms="2783" status="PASS">
          <reporter-output>
          </reporter-output>
        </test-method> <!-- tc_tc1d_profilePage -->
        <test-method signature="tc_tc1e_logout()[pri:0, instance:TestScripts.SwymAutomation.TestScripts.TestCases@2805d709]" started-at="2021-12-19T19:07:15 IST" name="tc_tc1e_logout" finished-at="2021-12-19T19:07:15 IST" duration-ms="272" status="PASS">
          <reporter-output>
          </reporter-output>
        </test-method> <!-- tc_tc1e_logout -->
      </class> <!-- TestScripts.SwymAutomation.TestScripts.TestCases -->
    </test> <!-- Default test -->
  </suite> <!-- Default suite -->
</testng-results>
